<?xml version="1.0" encoding="UTF-8"?>
<!-- Generated by org.testng.reporters.JUnitXMLReporter -->
<testsuite hostname="Candis-MacBook-Pro.local" ignored="0" name="Test" tests="6" failures="0" timestamp="2021-08-09T23:15:11 CST" time="0.035" errors="0">
  <testcase name="MobileAutomation" time="0.003" classname="qaclickacademy.AppiumTest"/>
  <testcase name="MobileLogin" time="0.001" classname="qaclickacademy.AppiumTest"/>
  <testcase name="BrowserAutomation" time="0.0" classname="qaclickacademy.SeleniumTest"/>
  <testcase name="ElementsUI" time="0.001" classname="qaclickacademy.SeleniumTest"/>
  <testcase name="PostFacebook" time="0.001" classname="qaclickacademy.RestApiTest"/>
  <testcase name="postJira" time="0.0" classname="qaclickacademy.RestApiTest"/>
</testsuite> <!-- Test -->
