<?xml version="1.0" encoding="UTF-8"?>
<testng-results skipped="0" failed="0" ignored="0" total="6" passed="6">
  <reporter-output>
  </reporter-output>
  <suite name="Suite" duration-ms="35" started-at="2021-08-09T23:15:11 CST" finished-at="2021-08-09T23:15:11 CST">
    <groups>
    </groups>
    <test name="Test" duration-ms="35" started-at="2021-08-09T23:15:11 CST" finished-at="2021-08-09T23:15:11 CST">
      <class name="qaclickacademy.AppiumTest">
        <test-method status="PASS" signature="MobileAutomation()[pri:0, instance:qaclickacademy.AppiumTest@3cef309d]" name="MobileAutomation" duration-ms="3" started-at="2021-08-09T23:15:11 CST" finished-at="2021-08-09T23:15:11 CST">
          <reporter-output>
          </reporter-output>
        </test-method> <!-- MobileAutomation -->
        <test-method status="PASS" signature="MobileLogin()[pri:0, instance:qaclickacademy.AppiumTest@3cef309d]" name="MobileLogin" duration-ms="1" started-at="2021-08-09T23:15:11 CST" finished-at="2021-08-09T23:15:11 CST">
          <reporter-output>
          </reporter-output>
        </test-method> <!-- MobileLogin -->
      </class> <!-- qaclickacademy.AppiumTest -->
      <class name="qaclickacademy.SeleniumTest">
        <test-method status="PASS" signature="BrowserAutomation()[pri:0, instance:qaclickacademy.SeleniumTest@1efed156]" name="BrowserAutomation" duration-ms="0" started-at="2021-08-09T23:15:11 CST" finished-at="2021-08-09T23:15:11 CST">
          <reporter-output>
          </reporter-output>
        </test-method> <!-- BrowserAutomation -->
        <test-method status="PASS" signature="ElementsUI()[pri:0, instance:qaclickacademy.SeleniumTest@1efed156]" name="ElementsUI" duration-ms="1" started-at="2021-08-09T23:15:11 CST" finished-at="2021-08-09T23:15:11 CST">
          <reporter-output>
          </reporter-output>
        </test-method> <!-- ElementsUI -->
      </class> <!-- qaclickacademy.SeleniumTest -->
      <class name="qaclickacademy.RestApiTest">
        <test-method status="PASS" signature="PostFacebook()[pri:0, instance:qaclickacademy.RestApiTest@6737fd8f]" name="PostFacebook" duration-ms="1" started-at="2021-08-09T23:15:11 CST" finished-at="2021-08-09T23:15:11 CST">
          <reporter-output>
          </reporter-output>
        </test-method> <!-- PostFacebook -->
        <test-method status="PASS" signature="postJira()[pri:0, instance:qaclickacademy.RestApiTest@6737fd8f]" name="postJira" duration-ms="0" started-at="2021-08-09T23:15:11 CST" finished-at="2021-08-09T23:15:11 CST">
          <reporter-output>
          </reporter-output>
        </test-method> <!-- postJira -->
      </class> <!-- qaclickacademy.RestApiTest -->
    </test> <!-- Test -->
  </suite> <!-- Suite -->
</testng-results>
